  main.cpp
C:\Users\RyanW\cmp5359-cg-milestones-20-21-RyanWestwood\Rasterisation\src\main.cpp(24,35): warning C4305: 'initializing': truncation from 'double' to 'float'
C:\Users\RyanW\cmp5359-cg-milestones-20-21-RyanWestwood\Rasterisation\src\main.cpp(39,32): warning C4305: 'initializing': truncation from 'double' to 'float'
C:\Users\RyanW\cmp5359-cg-milestones-20-21-RyanWestwood\Rasterisation\src\main.cpp(40,33): warning C4305: 'initializing': truncation from 'double' to 'float'
C:\Users\RyanW\cmp5359-cg-milestones-20-21-RyanWestwood\Rasterisation\src\main.cpp(58,12): warning C4244: '+=': conversion from 'double' to 'int', possible loss of data
C:\Users\RyanW\cmp5359-cg-milestones-20-21-RyanWestwood\Rasterisation\src\main.cpp(62,12): warning C4244: '+=': conversion from 'double' to 'int', possible loss of data
C:\Users\RyanW\cmp5359-cg-milestones-20-21-RyanWestwood\Rasterisation\src\main.cpp(87,20): warning C4244: 'initializing': conversion from 'T' to 'float', possible loss of data
          with
          [
              T=int
          ]
C:\Users\RyanW\cmp5359-cg-milestones-20-21-RyanWestwood\Rasterisation\src\main.cpp(128,12): warning C4244: 'initializing': conversion from 'double' to 'float', possible loss of data
C:\Users\RyanW\cmp5359-cg-milestones-20-21-RyanWestwood\Rasterisation\src\main.cpp(320,35): warning C4244: 'argument': conversion from 'double' to 'T', possible loss of data
          with
          [
              T=float
          ]
C:\Users\RyanW\cmp5359-cg-milestones-20-21-RyanWestwood\Rasterisation\src\main.cpp(320,26): warning C4244: 'argument': conversion from 'double' to 'T', possible loss of data
          with
          [
              T=float
          ]
C:\Users\RyanW\cmp5359-cg-milestones-20-21-RyanWestwood\Rasterisation\src\main.cpp(376,26): warning C4244: '=': conversion from 'float' to 'unsigned char', possible loss of data
C:\Users\RyanW\cmp5359-cg-milestones-20-21-RyanWestwood\Rasterisation\src\main.cpp(377,26): warning C4244: '=': conversion from 'float' to 'unsigned char', possible loss of data
C:\Users\RyanW\cmp5359-cg-milestones-20-21-RyanWestwood\Rasterisation\src\main.cpp(378,26): warning C4244: '=': conversion from 'float' to 'unsigned char', possible loss of data
C:\Users\RyanW\cmp5359-cg-milestones-20-21-RyanWestwood\Rasterisation\src\main.cpp(383,46): warning C4244: '=': conversion from 'float' to 'unsigned char', possible loss of data
C:\Users\RyanW\cmp5359-cg-milestones-20-21-RyanWestwood\Rasterisation\src\main.cpp(384,46): warning C4244: '=': conversion from 'float' to 'unsigned char', possible loss of data
C:\Users\RyanW\cmp5359-cg-milestones-20-21-RyanWestwood\Rasterisation\src\main.cpp(385,46): warning C4244: '=': conversion from 'float' to 'unsigned char', possible loss of data
  Generating code
  1 of 947 functions ( 0.1%) were compiled, the rest were copied from previous compilation.
    0 functions were new in current compilation
    8 functions had inline decision re-evaluated but remain unchanged
  Finished generating code
  Rasterisation.vcxproj -> C:\Users\RyanW\cmp5359-cg-milestones-20-21-RyanWestwood\Rasterisation\bin\x64\Release\Rasterisation.exe
